<?xml version="1.0" encoding="UTF-8"?>
<!-- Generated by org.testng.reporters.JUnitReportReporter -->
<testsuite name="com.sgsoftware.actitime.driverscript.DriverScript" tests="1" time="157.505" ignored="0" failures="0" timestamp="15 Jul 2017 08:07:58 GMT" skipped="0" hostname="DESKTOP-NC6CJCJ" errors="0">
  <testcase name="executeTestScenarios" time="157.505" classname="com.sgsoftware.actitime.driverscript.DriverScript"/>
</testsuite> <!-- com.sgsoftware.actitime.driverscript.DriverScript -->
