<?xml version="1.0" encoding="UTF-8"?>
<!-- Generated by org.testng.reporters.JUnitReportReporter -->
<testsuite name="com.sgsoftware.actitime.driverscript.DriverScript" tests="1" time="177.641" ignored="0" failures="0" timestamp="18 Jul 2017 09:34:31 GMT" skipped="0" hostname="DESKTOP-TNOLNS2" errors="0">
  <testcase name="executeTestScenarios" time="177.641" classname="com.sgsoftware.actitime.driverscript.DriverScript"/>
</testsuite> <!-- com.sgsoftware.actitime.driverscript.DriverScript -->
